mode: set
github.com/INFO441-20sp/assignments-FlaredHeart28/servers/gateway/handlers/summary.go:44.61,49.19 4 1
github.com/INFO441-20sp/assignments-FlaredHeart28/servers/gateway/handlers/summary.go:54.2,56.16 2 1
github.com/INFO441-20sp/assignments-FlaredHeart28/servers/gateway/handlers/summary.go:61.2,63.16 3 1
github.com/INFO441-20sp/assignments-FlaredHeart28/servers/gateway/handlers/summary.go:68.2,72.39 4 1
github.com/INFO441-20sp/assignments-FlaredHeart28/servers/gateway/handlers/summary.go:49.19,52.3 2 0
github.com/INFO441-20sp/assignments-FlaredHeart28/servers/gateway/handlers/summary.go:56.16,59.3 2 0
github.com/INFO441-20sp/assignments-FlaredHeart28/servers/gateway/handlers/summary.go:63.16,66.3 2 0
github.com/INFO441-20sp/assignments-FlaredHeart28/servers/gateway/handlers/summary.go:72.39,75.3 2 0
github.com/INFO441-20sp/assignments-FlaredHeart28/servers/gateway/handlers/summary.go:81.55,83.16 2 1
github.com/INFO441-20sp/assignments-FlaredHeart28/servers/gateway/handlers/summary.go:91.2,91.23 1 1
github.com/INFO441-20sp/assignments-FlaredHeart28/servers/gateway/handlers/summary.go:83.16,85.3 1 0
github.com/INFO441-20sp/assignments-FlaredHeart28/servers/gateway/handlers/summary.go:85.8,85.35 1 1
github.com/INFO441-20sp/assignments-FlaredHeart28/servers/gateway/handlers/summary.go:85.35,87.3 1 1
github.com/INFO441-20sp/assignments-FlaredHeart28/servers/gateway/handlers/summary.go:87.8,87.76 1 1
github.com/INFO441-20sp/assignments-FlaredHeart28/servers/gateway/handlers/summary.go:87.76,89.3 1 1
github.com/INFO441-20sp/assignments-FlaredHeart28/servers/gateway/handlers/summary.go:96.85,101.6 5 1
github.com/INFO441-20sp/assignments-FlaredHeart28/servers/gateway/handlers/summary.go:142.2,142.16 1 1
github.com/INFO441-20sp/assignments-FlaredHeart28/servers/gateway/handlers/summary.go:101.6,104.35 2 1
github.com/INFO441-20sp/assignments-FlaredHeart28/servers/gateway/handlers/summary.go:113.3,113.38 1 1
github.com/INFO441-20sp/assignments-FlaredHeart28/servers/gateway/handlers/summary.go:104.35,106.21 2 1
github.com/INFO441-20sp/assignments-FlaredHeart28/servers/gateway/handlers/summary.go:110.4,111.31 2 0
github.com/INFO441-20sp/assignments-FlaredHeart28/servers/gateway/handlers/summary.go:106.21,107.10 1 1
github.com/INFO441-20sp/assignments-FlaredHeart28/servers/gateway/handlers/summary.go:113.38,115.29 2 1
github.com/INFO441-20sp/assignments-FlaredHeart28/servers/gateway/handlers/summary.go:115.29,117.58 2 1
github.com/INFO441-20sp/assignments-FlaredHeart28/servers/gateway/handlers/summary.go:117.58,119.6 1 1
github.com/INFO441-20sp/assignments-FlaredHeart28/servers/gateway/handlers/summary.go:120.10,120.35 1 1
github.com/INFO441-20sp/assignments-FlaredHeart28/servers/gateway/handlers/summary.go:120.35,121.29 1 1
github.com/INFO441-20sp/assignments-FlaredHeart28/servers/gateway/handlers/summary.go:121.29,123.6 1 1
github.com/INFO441-20sp/assignments-FlaredHeart28/servers/gateway/handlers/summary.go:124.10,124.35 1 1
github.com/INFO441-20sp/assignments-FlaredHeart28/servers/gateway/handlers/summary.go:124.35,126.5 1 1
github.com/INFO441-20sp/assignments-FlaredHeart28/servers/gateway/handlers/summary.go:127.9,127.51 1 1
github.com/INFO441-20sp/assignments-FlaredHeart28/servers/gateway/handlers/summary.go:127.51,129.28 2 1
github.com/INFO441-20sp/assignments-FlaredHeart28/servers/gateway/handlers/summary.go:129.28,131.5 1 1
github.com/INFO441-20sp/assignments-FlaredHeart28/servers/gateway/handlers/summary.go:131.10,131.35 1 1
github.com/INFO441-20sp/assignments-FlaredHeart28/servers/gateway/handlers/summary.go:131.35,133.5 1 1
github.com/INFO441-20sp/assignments-FlaredHeart28/servers/gateway/handlers/summary.go:134.9,134.43 1 1
github.com/INFO441-20sp/assignments-FlaredHeart28/servers/gateway/handlers/summary.go:134.43,136.30 2 1
github.com/INFO441-20sp/assignments-FlaredHeart28/servers/gateway/handlers/summary.go:136.30,137.10 1 0
github.com/INFO441-20sp/assignments-FlaredHeart28/servers/gateway/handlers/summary.go:146.82,150.23 4 1
github.com/INFO441-20sp/assignments-FlaredHeart28/servers/gateway/handlers/summary.go:182.2,183.11 2 1
github.com/INFO441-20sp/assignments-FlaredHeart28/servers/gateway/handlers/summary.go:150.23,151.35 1 1
github.com/INFO441-20sp/assignments-FlaredHeart28/servers/gateway/handlers/summary.go:151.35,152.26 1 1
github.com/INFO441-20sp/assignments-FlaredHeart28/servers/gateway/handlers/summary.go:152.26,153.44 1 1
github.com/INFO441-20sp/assignments-FlaredHeart28/servers/gateway/handlers/summary.go:153.44,155.6 1 1
github.com/INFO441-20sp/assignments-FlaredHeart28/servers/gateway/handlers/summary.go:155.11,156.42 1 1
github.com/INFO441-20sp/assignments-FlaredHeart28/servers/gateway/handlers/summary.go:156.42,158.7 1 1
github.com/INFO441-20sp/assignments-FlaredHeart28/servers/gateway/handlers/summary.go:158.12,160.7 1 0
github.com/INFO441-20sp/assignments-FlaredHeart28/servers/gateway/handlers/summary.go:163.10,163.34 1 1
github.com/INFO441-20sp/assignments-FlaredHeart28/servers/gateway/handlers/summary.go:163.34,165.24 2 1
github.com/INFO441-20sp/assignments-FlaredHeart28/servers/gateway/handlers/summary.go:165.24,168.20 3 1
github.com/INFO441-20sp/assignments-FlaredHeart28/servers/gateway/handlers/summary.go:168.20,171.7 2 1
github.com/INFO441-20sp/assignments-FlaredHeart28/servers/gateway/handlers/summary.go:173.10,173.33 1 1
github.com/INFO441-20sp/assignments-FlaredHeart28/servers/gateway/handlers/summary.go:173.33,175.5 1 1
github.com/INFO441-20sp/assignments-FlaredHeart28/servers/gateway/handlers/summary.go:175.10,175.32 1 1
github.com/INFO441-20sp/assignments-FlaredHeart28/servers/gateway/handlers/summary.go:175.32,177.5 1 0
github.com/INFO441-20sp/assignments-FlaredHeart28/servers/gateway/handlers/summary.go:177.10,177.39 1 1
github.com/INFO441-20sp/assignments-FlaredHeart28/servers/gateway/handlers/summary.go:177.39,179.5 1 0
github.com/INFO441-20sp/assignments-FlaredHeart28/servers/gateway/handlers/summary.go:187.105,191.24 4 1
github.com/INFO441-20sp/assignments-FlaredHeart28/servers/gateway/handlers/summary.go:293.2,293.23 1 1
github.com/INFO441-20sp/assignments-FlaredHeart28/servers/gateway/handlers/summary.go:191.24,192.28 1 1
github.com/INFO441-20sp/assignments-FlaredHeart28/servers/gateway/handlers/summary.go:192.28,194.26 2 1
github.com/INFO441-20sp/assignments-FlaredHeart28/servers/gateway/handlers/summary.go:194.26,196.5 1 1
github.com/INFO441-20sp/assignments-FlaredHeart28/servers/gateway/handlers/summary.go:197.9,197.34 1 1
github.com/INFO441-20sp/assignments-FlaredHeart28/servers/gateway/handlers/summary.go:197.34,199.21 2 1
github.com/INFO441-20sp/assignments-FlaredHeart28/servers/gateway/handlers/summary.go:199.21,201.5 1 1
github.com/INFO441-20sp/assignments-FlaredHeart28/servers/gateway/handlers/summary.go:202.9,202.40 1 1
github.com/INFO441-20sp/assignments-FlaredHeart28/servers/gateway/handlers/summary.go:202.40,204.26 2 1
github.com/INFO441-20sp/assignments-FlaredHeart28/servers/gateway/handlers/summary.go:204.26,206.5 1 1
github.com/INFO441-20sp/assignments-FlaredHeart28/servers/gateway/handlers/summary.go:207.9,207.42 1 1
github.com/INFO441-20sp/assignments-FlaredHeart28/servers/gateway/handlers/summary.go:207.42,209.22 2 1
github.com/INFO441-20sp/assignments-FlaredHeart28/servers/gateway/handlers/summary.go:209.22,211.5 1 1
github.com/INFO441-20sp/assignments-FlaredHeart28/servers/gateway/handlers/summary.go:212.9,212.36 1 1
github.com/INFO441-20sp/assignments-FlaredHeart28/servers/gateway/handlers/summary.go:212.36,214.23 2 1
github.com/INFO441-20sp/assignments-FlaredHeart28/servers/gateway/handlers/summary.go:214.23,216.5 1 1
github.com/INFO441-20sp/assignments-FlaredHeart28/servers/gateway/handlers/summary.go:217.9,217.36 1 1
github.com/INFO441-20sp/assignments-FlaredHeart28/servers/gateway/handlers/summary.go:217.36,222.21 4 1
github.com/INFO441-20sp/assignments-FlaredHeart28/servers/gateway/handlers/summary.go:233.4,233.37 1 1
github.com/INFO441-20sp/assignments-FlaredHeart28/servers/gateway/handlers/summary.go:222.21,223.39 1 1
github.com/INFO441-20sp/assignments-FlaredHeart28/servers/gateway/handlers/summary.go:223.39,225.6 1 1
github.com/INFO441-20sp/assignments-FlaredHeart28/servers/gateway/handlers/summary.go:225.11,226.37 1 1
github.com/INFO441-20sp/assignments-FlaredHeart28/servers/gateway/handlers/summary.go:226.37,228.7 1 1
github.com/INFO441-20sp/assignments-FlaredHeart28/servers/gateway/handlers/summary.go:228.12,230.7 1 0
github.com/INFO441-20sp/assignments-FlaredHeart28/servers/gateway/handlers/summary.go:234.9,234.47 1 1
github.com/INFO441-20sp/assignments-FlaredHeart28/servers/gateway/handlers/summary.go:234.47,236.24 2 1
github.com/INFO441-20sp/assignments-FlaredHeart28/servers/gateway/handlers/summary.go:236.24,237.44 1 1
github.com/INFO441-20sp/assignments-FlaredHeart28/servers/gateway/handlers/summary.go:237.44,239.6 1 1
github.com/INFO441-20sp/assignments-FlaredHeart28/servers/gateway/handlers/summary.go:239.11,240.40 1 0
github.com/INFO441-20sp/assignments-FlaredHeart28/servers/gateway/handlers/summary.go:240.40,242.7 1 0
github.com/INFO441-20sp/assignments-FlaredHeart28/servers/gateway/handlers/summary.go:242.12,244.7 1 0
github.com/INFO441-20sp/assignments-FlaredHeart28/servers/gateway/handlers/summary.go:247.9,247.41 1 1
github.com/INFO441-20sp/assignments-FlaredHeart28/servers/gateway/handlers/summary.go:247.41,249.25 2 1
github.com/INFO441-20sp/assignments-FlaredHeart28/servers/gateway/handlers/summary.go:249.25,251.5 1 1
github.com/INFO441-20sp/assignments-FlaredHeart28/servers/gateway/handlers/summary.go:253.9,253.42 1 1
github.com/INFO441-20sp/assignments-FlaredHeart28/servers/gateway/handlers/summary.go:253.42,255.23 2 1
github.com/INFO441-20sp/assignments-FlaredHeart28/servers/gateway/handlers/summary.go:255.23,257.19 2 1
github.com/INFO441-20sp/assignments-FlaredHeart28/servers/gateway/handlers/summary.go:257.19,259.6 1 1
github.com/INFO441-20sp/assignments-FlaredHeart28/servers/gateway/handlers/summary.go:261.9,261.43 1 1
github.com/INFO441-20sp/assignments-FlaredHeart28/servers/gateway/handlers/summary.go:261.43,263.23 2 1
github.com/INFO441-20sp/assignments-FlaredHeart28/servers/gateway/handlers/summary.go:263.23,265.19 2 1
github.com/INFO441-20sp/assignments-FlaredHeart28/servers/gateway/handlers/summary.go:265.19,267.6 1 1
github.com/INFO441-20sp/assignments-FlaredHeart28/servers/gateway/handlers/summary.go:269.9,269.40 1 1
github.com/INFO441-20sp/assignments-FlaredHeart28/servers/gateway/handlers/summary.go:269.40,271.21 2 1
github.com/INFO441-20sp/assignments-FlaredHeart28/servers/gateway/handlers/summary.go:271.21,273.5 1 1
github.com/INFO441-20sp/assignments-FlaredHeart28/servers/gateway/handlers/summary.go:275.8,275.27 1 1
github.com/INFO441-20sp/assignments-FlaredHeart28/servers/gateway/handlers/summary.go:275.27,276.23 1 1
github.com/INFO441-20sp/assignments-FlaredHeart28/servers/gateway/handlers/summary.go:276.23,278.24 2 1
github.com/INFO441-20sp/assignments-FlaredHeart28/servers/gateway/handlers/summary.go:278.24,280.5 1 1
github.com/INFO441-20sp/assignments-FlaredHeart28/servers/gateway/handlers/summary.go:281.9,281.32 1 1
github.com/INFO441-20sp/assignments-FlaredHeart28/servers/gateway/handlers/summary.go:281.32,283.37 2 1
github.com/INFO441-20sp/assignments-FlaredHeart28/servers/gateway/handlers/summary.go:283.37,285.5 1 1
github.com/INFO441-20sp/assignments-FlaredHeart28/servers/gateway/handlers/summary.go:286.9,286.35 1 1
github.com/INFO441-20sp/assignments-FlaredHeart28/servers/gateway/handlers/summary.go:286.35,287.32 1 1
github.com/INFO441-20sp/assignments-FlaredHeart28/servers/gateway/handlers/summary.go:287.32,290.5 2 1
github.com/INFO441-20sp/assignments-FlaredHeart28/servers/gateway/handlers/summary.go:297.79,298.34 1 1
github.com/INFO441-20sp/assignments-FlaredHeart28/servers/gateway/handlers/summary.go:303.2,303.11 1 1
github.com/INFO441-20sp/assignments-FlaredHeart28/servers/gateway/handlers/summary.go:298.34,299.24 1 1
github.com/INFO441-20sp/assignments-FlaredHeart28/servers/gateway/handlers/summary.go:299.24,301.4 1 1
github.com/INFO441-20sp/assignments-FlaredHeart28/servers/gateway/handlers/summary.go:307.40,310.29 3 1
github.com/INFO441-20sp/assignments-FlaredHeart28/servers/gateway/handlers/summary.go:315.2,315.36 1 1
github.com/INFO441-20sp/assignments-FlaredHeart28/servers/gateway/handlers/summary.go:318.2,318.15 1 1
github.com/INFO441-20sp/assignments-FlaredHeart28/servers/gateway/handlers/summary.go:310.29,311.23 1 1
github.com/INFO441-20sp/assignments-FlaredHeart28/servers/gateway/handlers/summary.go:311.23,313.4 1 1
github.com/INFO441-20sp/assignments-FlaredHeart28/servers/gateway/handlers/summary.go:315.36,317.3 1 1
github.com/INFO441-20sp/assignments-FlaredHeart28/servers/gateway/handlers/auth.go:19.80,20.24 1 1
github.com/INFO441-20sp/assignments-FlaredHeart28/servers/gateway/handlers/auth.go:20.24,21.57 1 1
github.com/INFO441-20sp/assignments-FlaredHeart28/servers/gateway/handlers/auth.go:25.3,28.17 4 1
github.com/INFO441-20sp/assignments-FlaredHeart28/servers/gateway/handlers/auth.go:32.3,33.17 2 1
github.com/INFO441-20sp/assignments-FlaredHeart28/servers/gateway/handlers/auth.go:37.3,38.17 2 1
github.com/INFO441-20sp/assignments-FlaredHeart28/servers/gateway/handlers/auth.go:42.3,43.17 2 1
github.com/INFO441-20sp/assignments-FlaredHeart28/servers/gateway/handlers/auth.go:47.3,55.27 6 1
github.com/INFO441-20sp/assignments-FlaredHeart28/servers/gateway/handlers/auth.go:21.57,24.4 2 1
github.com/INFO441-20sp/assignments-FlaredHeart28/servers/gateway/handlers/auth.go:28.17,31.4 2 0
github.com/INFO441-20sp/assignments-FlaredHeart28/servers/gateway/handlers/auth.go:33.17,36.4 2 1
github.com/INFO441-20sp/assignments-FlaredHeart28/servers/gateway/handlers/auth.go:38.17,41.4 2 0
github.com/INFO441-20sp/assignments-FlaredHeart28/servers/gateway/handlers/auth.go:43.17,46.4 2 1
github.com/INFO441-20sp/assignments-FlaredHeart28/servers/gateway/handlers/auth.go:56.8,59.3 2 1
github.com/INFO441-20sp/assignments-FlaredHeart28/servers/gateway/handlers/auth.go:63.86,68.16 5 1
github.com/INFO441-20sp/assignments-FlaredHeart28/servers/gateway/handlers/auth.go:73.2,73.23 1 1
github.com/INFO441-20sp/assignments-FlaredHeart28/servers/gateway/handlers/auth.go:68.16,71.3 2 1
github.com/INFO441-20sp/assignments-FlaredHeart28/servers/gateway/handlers/auth.go:73.23,75.36 2 1
github.com/INFO441-20sp/assignments-FlaredHeart28/servers/gateway/handlers/auth.go:80.3,81.17 2 1
github.com/INFO441-20sp/assignments-FlaredHeart28/servers/gateway/handlers/auth.go:85.3,88.27 4 1
github.com/INFO441-20sp/assignments-FlaredHeart28/servers/gateway/handlers/auth.go:75.36,77.4 1 1
github.com/INFO441-20sp/assignments-FlaredHeart28/servers/gateway/handlers/auth.go:77.9,79.4 1 1
github.com/INFO441-20sp/assignments-FlaredHeart28/servers/gateway/handlers/auth.go:81.17,84.4 2 1
github.com/INFO441-20sp/assignments-FlaredHeart28/servers/gateway/handlers/auth.go:89.8,89.32 1 1
github.com/INFO441-20sp/assignments-FlaredHeart28/servers/gateway/handlers/auth.go:89.32,90.36 1 1
github.com/INFO441-20sp/assignments-FlaredHeart28/servers/gateway/handlers/auth.go:97.3,97.57 1 1
github.com/INFO441-20sp/assignments-FlaredHeart28/servers/gateway/handlers/auth.go:101.3,104.17 4 1
github.com/INFO441-20sp/assignments-FlaredHeart28/servers/gateway/handlers/auth.go:108.3,109.17 2 1
github.com/INFO441-20sp/assignments-FlaredHeart28/servers/gateway/handlers/auth.go:113.3,115.17 3 1
github.com/INFO441-20sp/assignments-FlaredHeart28/servers/gateway/handlers/auth.go:120.3,123.27 4 1
github.com/INFO441-20sp/assignments-FlaredHeart28/servers/gateway/handlers/auth.go:90.36,92.34 2 1
github.com/INFO441-20sp/assignments-FlaredHeart28/servers/gateway/handlers/auth.go:92.34,95.5 2 1
github.com/INFO441-20sp/assignments-FlaredHeart28/servers/gateway/handlers/auth.go:97.57,100.4 2 1
github.com/INFO441-20sp/assignments-FlaredHeart28/servers/gateway/handlers/auth.go:104.17,107.4 2 1
github.com/INFO441-20sp/assignments-FlaredHeart28/servers/gateway/handlers/auth.go:109.17,112.4 2 1
github.com/INFO441-20sp/assignments-FlaredHeart28/servers/gateway/handlers/auth.go:115.17,118.4 2 0
github.com/INFO441-20sp/assignments-FlaredHeart28/servers/gateway/handlers/auth.go:124.8,127.3 2 1
github.com/INFO441-20sp/assignments-FlaredHeart28/servers/gateway/handlers/auth.go:131.83,132.24 1 1
github.com/INFO441-20sp/assignments-FlaredHeart28/servers/gateway/handlers/auth.go:132.24,133.57 1 1
github.com/INFO441-20sp/assignments-FlaredHeart28/servers/gateway/handlers/auth.go:137.3,140.17 4 1
github.com/INFO441-20sp/assignments-FlaredHeart28/servers/gateway/handlers/auth.go:144.3,145.17 2 1
github.com/INFO441-20sp/assignments-FlaredHeart28/servers/gateway/handlers/auth.go:150.3,151.17 2 1
github.com/INFO441-20sp/assignments-FlaredHeart28/servers/gateway/handlers/auth.go:155.3,160.17 3 1
github.com/INFO441-20sp/assignments-FlaredHeart28/servers/gateway/handlers/auth.go:166.3,169.27 4 1
github.com/INFO441-20sp/assignments-FlaredHeart28/servers/gateway/handlers/auth.go:133.57,136.4 2 1
github.com/INFO441-20sp/assignments-FlaredHeart28/servers/gateway/handlers/auth.go:140.17,143.4 2 1
github.com/INFO441-20sp/assignments-FlaredHeart28/servers/gateway/handlers/auth.go:145.17,149.4 3 1
github.com/INFO441-20sp/assignments-FlaredHeart28/servers/gateway/handlers/auth.go:151.17,154.4 2 1
github.com/INFO441-20sp/assignments-FlaredHeart28/servers/gateway/handlers/auth.go:160.17,163.4 2 0
github.com/INFO441-20sp/assignments-FlaredHeart28/servers/gateway/handlers/auth.go:170.8,173.3 2 1
github.com/INFO441-20sp/assignments-FlaredHeart28/servers/gateway/handlers/auth.go:177.90,178.26 1 1
github.com/INFO441-20sp/assignments-FlaredHeart28/servers/gateway/handlers/auth.go:178.26,179.38 1 1
github.com/INFO441-20sp/assignments-FlaredHeart28/servers/gateway/handlers/auth.go:183.3,184.17 2 1
github.com/INFO441-20sp/assignments-FlaredHeart28/servers/gateway/handlers/auth.go:188.3,188.32 1 1
github.com/INFO441-20sp/assignments-FlaredHeart28/servers/gateway/handlers/auth.go:179.38,182.4 2 1
github.com/INFO441-20sp/assignments-FlaredHeart28/servers/gateway/handlers/auth.go:184.17,187.4 2 1
github.com/INFO441-20sp/assignments-FlaredHeart28/servers/gateway/handlers/auth.go:189.8,192.3 2 1
github.com/INFO441-20sp/assignments-FlaredHeart28/servers/gateway/handlers/cors.go:22.66,29.27 6 1
github.com/INFO441-20sp/assignments-FlaredHeart28/servers/gateway/handlers/cors.go:37.2,37.56 1 1
github.com/INFO441-20sp/assignments-FlaredHeart28/servers/gateway/handlers/cors.go:74.2,74.27 1 1
github.com/INFO441-20sp/assignments-FlaredHeart28/servers/gateway/handlers/cors.go:29.27,32.3 2 1
github.com/INFO441-20sp/assignments-FlaredHeart28/servers/gateway/handlers/cors.go:37.56,38.57 1 1
github.com/INFO441-20sp/assignments-FlaredHeart28/servers/gateway/handlers/cors.go:42.3,46.17 5 1
github.com/INFO441-20sp/assignments-FlaredHeart28/servers/gateway/handlers/cors.go:50.3,52.17 3 0
github.com/INFO441-20sp/assignments-FlaredHeart28/servers/gateway/handlers/cors.go:55.3,57.31 3 0
github.com/INFO441-20sp/assignments-FlaredHeart28/servers/gateway/handlers/cors.go:38.57,41.4 2 1
github.com/INFO441-20sp/assignments-FlaredHeart28/servers/gateway/handlers/cors.go:46.17,49.4 2 1
github.com/INFO441-20sp/assignments-FlaredHeart28/servers/gateway/handlers/cors.go:52.17,54.4 1 0
github.com/INFO441-20sp/assignments-FlaredHeart28/servers/gateway/handlers/cors.go:57.31,61.18 3 0
github.com/INFO441-20sp/assignments-FlaredHeart28/servers/gateway/handlers/cors.go:61.18,64.21 3 0
github.com/INFO441-20sp/assignments-FlaredHeart28/servers/gateway/handlers/cors.go:67.5,69.40 3 0
github.com/INFO441-20sp/assignments-FlaredHeart28/servers/gateway/handlers/cors.go:64.21,66.6 1 0
